Matrix adj
1 1 0 0 
0 0 1 1 
1 1 0 0 
0 0 1 1 

labels
0 0
00 . 00 = 000 = 0 1
00 . 01 = 001 = 1 2
01 . 10 = 010 = 1 3
01 . 11 = 011 = 2 0
10 . 00 = 100 = 2 1
10 . 01 = 101 = 3 2
11 . 10 = 110 = 3 3
11 . 11 = 111 = 

Regla: 15
0 0
00 . 00 = 000 = 1
0 1
00 . 01 = 001 = 1
1 2
01 . 10 = 010 = 1
1 3
01 . 11 = 011 = 1
2 0
10 . 00 = 100 = 0
2 1
10 . 01 = 101 = 0
3 2
11 . 10 = 110 = 0
3 3
11 . 11 = 111 = 0
Regla: 22
0 0
00 . 00 = 000 = 0
0 1
00 . 01 = 001 = 1
1 2
01 . 10 = 010 = 1
1 3
01 . 11 = 011 = 0
2 0
10 . 00 = 100 = 1
2 1
10 . 01 = 101 = 0
3 2
11 . 10 = 110 = 0
3 3
11 . 11 = 111 = 0
Regla: 30
0 0
00 . 00 = 000 = 0
0 1
00 . 01 = 001 = 1
1 2
01 . 10 = 010 = 1
1 3
01 . 11 = 011 = 1
2 0
10 . 00 = 100 = 1
2 1
10 . 01 = 101 = 0
3 2
11 . 10 = 110 = 0
3 3
11 . 11 = 111 = 0
Regla: 54
0 0
00 . 00 = 000 = 0
0 1
00 . 01 = 001 = 1
1 2
01 . 10 = 010 = 1
1 3
01 . 11 = 011 = 0
2 0
10 . 00 = 100 = 1
2 1
10 . 01 = 101 = 1
3 2
11 . 10 = 110 = 0
3 3
11 . 11 = 111 = 0
Regla: 90
0 0
00 . 00 = 000 = 0
0 1
00 . 01 = 001 = 1
1 2
01 . 10 = 010 = 0
1 3
01 . 11 = 011 = 1
2 0
10 . 00 = 100 = 1
2 1
10 . 01 = 101 = 0
3 2
11 . 10 = 110 = 1
3 3
11 . 11 = 111 = 0
Regla: 110
0 0
00 . 00 = 000 = 0
0 1
00 . 01 = 001 = 1
1 2
01 . 10 = 010 = 1
1 3
01 . 11 = 011 = 1
2 0
10 . 00 = 100 = 0
2 1
10 . 01 = 101 = 1
3 2
11 . 10 = 110 = 1
3 3
11 . 11 = 111 = 0
